<?xml version="1.0" encoding="UTF-8"?>
<testsuite xmlns:xsi="http://www.w3.org/2001/XMLSchema-instance" xsi:noNamespaceSchemaLocation="https://maven.apache.org/surefire/maven-surefire-plugin/xsd/surefire-test-report-3.0.xsd" version="3.0" name="jcg.zheng.demo.junit4.SomeClassTest" time="0.36" tests="6" errors="0" skipped="0" failures="0">
  <properties>
[...]
</properties>
  <testcase name="test_voidFoo" classname="jcg.zheng.demo.junit4.SomeClassTest" time="0.053"/>
  <testcase name="test_returnBooleanFoo_false" classname="jcg.zheng.demo.junit4.SomeClassTest" time="0.033"/>
  <testcase name="test_voidFoo_exception" classname="jcg.zheng.demo.junit4.SomeClassTest" time="0.028"/>
  <testcase name="test_doubleANumber" classname="jcg.zheng.demo.junit4.SomeClassTest" time="0.025"/>
  <testcase name="test_timeout" classname="jcg.zheng.demo.junit4.SomeClassTest" time="0.01"/>
  <testcase name="test_returnBooleanFoo_true" classname="jcg.zheng.demo.junit4.SomeClassTest" time="0.007"/>
</testsuite>