<?xml version="1.0" encoding="UTF-8"?>
<testsuite xmlns:xsi="http://www.w3.org/2001/XMLSchema-instance" xsi:noNamespaceSchemaLocation="https://maven.apache.org/surefire/maven-surefire-plugin/xsd/surefire-test-report-3.0.xsd" version="3.0" name="jcg.zheng.demo.junit5.SomeClassTest" time="0.274" tests="10" errors="0" skipped="0" failures="0">
  <properties>
[...]
</properties>
  <testcase name="test_voidFoo" classname="jcg.zheng.demo.junit5.SomeClassTest" time="0.076"/>
  <testcase name="test_returnBooleanFoo_false" classname="jcg.zheng.demo.junit5.SomeClassTest" time="0.008"/>
  <testcase name="test_voidFoo_exception" classname="jcg.zheng.demo.junit5.SomeClassTest" time="0.018"/>
  <testcase name="test_doubleANumber[1]" classname="jcg.zheng.demo.junit5.SomeClassTest" time="0.006"/>
  <testcase name="test_doubleANumber[2]" classname="jcg.zheng.demo.junit5.SomeClassTest" time="0"/>
  <testcase name="test_doubleANumber[3]" classname="jcg.zheng.demo.junit5.SomeClassTest" time="0.012"/>
  <testcase name="test_doubleANumber[4]" classname="jcg.zheng.demo.junit5.SomeClassTest" time="0"/>
  <testcase name="test_doubleANumber[5]" classname="jcg.zheng.demo.junit5.SomeClassTest" time="0.014"/>
  <testcase name="test_timeout" classname="jcg.zheng.demo.junit5.SomeClassTest" time="0.006"/>
  <testcase name="test_returnBooleanFoo_true" classname="jcg.zheng.demo.junit5.SomeClassTest" time="0.036"/>
</testsuite>